This file contains any messages produced by compilers while
running configure, to aid debugging if configure makes a mistake.

It was created by oz configure 2.0.0a, which was
generated by GNU Autoconf 2.69.  Invocation command line was

  $ ./configure 

## --------- ##
## Platform. ##
## --------- ##

hostname = ubuntu
uname -m = x86_64
uname -r = 3.19.0-15-generic
uname -s = Linux
uname -v = #15-Ubuntu SMP Thu Apr 16 23:32:37 UTC 2015

/usr/bin/uname -p = unknown
/bin/uname -X     = unknown

/bin/arch              = unknown
/usr/bin/arch -k       = unknown
/usr/convex/getsysinfo = unknown
/usr/bin/hostinfo      = unknown
/bin/machine           = unknown
/usr/bin/oslevel       = unknown
/bin/universe          = unknown

PATH: /usr/local/sbin
PATH: /usr/local/bin
PATH: /usr/sbin
PATH: /usr/bin
PATH: /sbin
PATH: /bin
PATH: /usr/games
PATH: /usr/local/games


## ----------- ##
## Core tests. ##
## ----------- ##

configure:2465: checking for a BSD-compatible install
configure:2533: result: /usr/bin/install -c
configure:2544: checking whether build environment is sane
configure:2599: result: yes
configure:2750: checking for a thread-safe mkdir -p
configure:2789: result: /bin/mkdir -p
configure:2796: checking for gawk
configure:2826: result: no
configure:2796: checking for mawk
configure:2812: found /usr/bin/mawk
configure:2823: result: mawk
configure:2834: checking whether make sets $(MAKE)
configure:2856: result: yes
configure:2885: checking whether make supports nested variables
configure:2902: result: yes
configure:3123: WARNING: You can call configure with the --enable-video4linux=<yes|no> or --disable-video4linux option.
    This tells configure whether to compile ZoneMinder with Video4Linux support. Video4Linux is used
    to communicate with cameras that are directly connected to your system, normally using analog or
    USB video. If you are installing ZoneMinder on a system that only uses network cameras then you
    can disable this support if the Video4Linux supports files are not present. Leaving it enabled
    has no performance penalty if it not being used.
    e.g. --enable-video4linux=yes or --disable-video4linux
configure:3151: WARNING: You can call configure with the --enable-mmap=<yes|no> or --disable-mmap option.
    This tells configure whether to compile ZoneMinder with mmap support rather than IPC shared
    memory. This is a new feature that uses memory mapped into files which all processes can share.
    Memory mapping requires less configuration and is more flexible than shared memory but may
    slow down your system unless the mapped files are configured to reside on a fast or RAM based
    filesystem however this will not normally be the case.
    e.g. --enable-mmap=yes or --disable-mmap
configure:3178: WARNING: You can call configure with the --enable-debug=<yes|no> or --disable-debug option.
    This tells configure whether to compile ZoneMinder with debug included. Although debug is included
    by default it is not output unless explicitly switched on elsewhere. These checks may induce a
    small penalty on performance and if you are after squeezing the maximum possible performance out
    of ZoneMinder you may use this switch to prevent debug from being compiled in.
    e.g. --enable-debug=yes or --disable-debug
configure:3205: WARNING: You can call configure with the --enable-crashtrace=<yes|no> or --disable-crashtrace option.
    This tells configure whether to compile ZoneMinder with crash tracing included. This allows a
    dump of the stack trace when a ZoneMinder binary crashes or is killed by an unexpected signal.
    Although this should work on most systems it does rely on un(or loosely) documented features and
    so should be regarded as experimental. If you experience problems compiling oz_signal.cpp or
    ZoneMinder binaries fail to shut down correctly then you should probably disable this feature.
    e.g. --enable-crashtrace=yes or --disable-crashtrace
configure:3289: checking for g++
configure:3305: found /usr/bin/g++
configure:3316: result: g++
configure:3343: checking for C++ compiler version
configure:3352: g++ --version >&5
g++ (Ubuntu 4.9.2-10ubuntu13) 4.9.2
Copyright (C) 2014 Free Software Foundation, Inc.
This is free software; see the source for copying conditions.  There is NO
warranty; not even for MERCHANTABILITY or FITNESS FOR A PARTICULAR PURPOSE.

configure:3363: $? = 0
configure:3352: g++ -v >&5
Using built-in specs.
COLLECT_GCC=g++
COLLECT_LTO_WRAPPER=/usr/lib/gcc/x86_64-linux-gnu/4.9/lto-wrapper
Target: x86_64-linux-gnu
Configured with: ../src/configure -v --with-pkgversion='Ubuntu 4.9.2-10ubuntu13' --with-bugurl=file:///usr/share/doc/gcc-4.9/README.Bugs --enable-languages=c,c++,java,go,d,fortran,objc,obj-c++ --prefix=/usr --program-suffix=-4.9 --enable-shared --enable-linker-build-id --libexecdir=/usr/lib --without-included-gettext --enable-threads=posix --with-gxx-include-dir=/usr/include/c++/4.9 --libdir=/usr/lib --enable-nls --with-sysroot=/ --enable-clocale=gnu --enable-libstdcxx-debug --enable-libstdcxx-time=yes --enable-gnu-unique-object --disable-vtable-verify --enable-plugin --with-system-zlib --disable-browser-plugin --enable-java-awt=gtk --enable-gtk-cairo --with-java-home=/usr/lib/jvm/java-1.5.0-gcj-4.9-amd64/jre --enable-java-home --with-jvm-root-dir=/usr/lib/jvm/java-1.5.0-gcj-4.9-amd64 --with-jvm-jar-dir=/usr/lib/jvm-exports/java-1.5.0-gcj-4.9-amd64 --with-arch-directory=amd64 --with-ecj-jar=/usr/share/java/eclipse-ecj.jar --enable-objc-gc --enable-multiarch --disable-werror --with-arch-32=i686 --with-abi=m64 --with-multilib-list=m32,m64,mx32 --enable-multilib --with-tune=generic --enable-checking=release --build=x86_64-linux-gnu --host=x86_64-linux-gnu --target=x86_64-linux-gnu
Thread model: posix
gcc version 4.9.2 (Ubuntu 4.9.2-10ubuntu13) 
configure:3363: $? = 0
configure:3352: g++ -V >&5
g++: error: unrecognized command line option '-V'
g++: fatal error: no input files
compilation terminated.
configure:3363: $? = 4
configure:3352: g++ -qversion >&5
g++: error: unrecognized command line option '-qversion'
g++: fatal error: no input files
compilation terminated.
configure:3363: $? = 4
configure:3383: checking whether the C++ compiler works
configure:3405: g++  -D__STDC_CONSTANT_MACROS  conftest.cpp  >&5
configure:3409: $? = 0
configure:3457: result: yes
configure:3460: checking for C++ compiler default output file name
configure:3462: result: a.out
configure:3468: checking for suffix of executables
configure:3475: g++ -o conftest  -D__STDC_CONSTANT_MACROS  conftest.cpp  >&5
configure:3479: $? = 0
configure:3501: result: 
configure:3523: checking whether we are cross compiling
configure:3531: g++ -o conftest  -D__STDC_CONSTANT_MACROS  conftest.cpp  >&5
configure:3535: $? = 0
configure:3542: ./conftest
configure:3546: $? = 0
configure:3561: result: no
configure:3566: checking for suffix of object files
configure:3588: g++ -c  -D__STDC_CONSTANT_MACROS conftest.cpp >&5
configure:3592: $? = 0
configure:3613: result: o
configure:3617: checking whether we are using the GNU C++ compiler
configure:3636: g++ -c  -D__STDC_CONSTANT_MACROS conftest.cpp >&5
configure:3636: $? = 0
configure:3645: result: yes
configure:3654: checking whether g++ accepts -g
configure:3674: g++ -c -g -D__STDC_CONSTANT_MACROS conftest.cpp >&5
configure:3674: $? = 0
configure:3715: result: yes
configure:3749: checking for style of include used by make
configure:3777: result: GNU
configure:3803: checking dependency style of g++
configure:3914: result: gcc3
configure:3977: checking for gcc
configure:3993: found /usr/bin/gcc
configure:4004: result: gcc
configure:4233: checking for C compiler version
configure:4242: gcc --version >&5
gcc (Ubuntu 4.9.2-10ubuntu13) 4.9.2
Copyright (C) 2014 Free Software Foundation, Inc.
This is free software; see the source for copying conditions.  There is NO
warranty; not even for MERCHANTABILITY or FITNESS FOR A PARTICULAR PURPOSE.

configure:4253: $? = 0
configure:4242: gcc -v >&5
Using built-in specs.
COLLECT_GCC=gcc
COLLECT_LTO_WRAPPER=/usr/lib/gcc/x86_64-linux-gnu/4.9/lto-wrapper
Target: x86_64-linux-gnu
Configured with: ../src/configure -v --with-pkgversion='Ubuntu 4.9.2-10ubuntu13' --with-bugurl=file:///usr/share/doc/gcc-4.9/README.Bugs --enable-languages=c,c++,java,go,d,fortran,objc,obj-c++ --prefix=/usr --program-suffix=-4.9 --enable-shared --enable-linker-build-id --libexecdir=/usr/lib --without-included-gettext --enable-threads=posix --with-gxx-include-dir=/usr/include/c++/4.9 --libdir=/usr/lib --enable-nls --with-sysroot=/ --enable-clocale=gnu --enable-libstdcxx-debug --enable-libstdcxx-time=yes --enable-gnu-unique-object --disable-vtable-verify --enable-plugin --with-system-zlib --disable-browser-plugin --enable-java-awt=gtk --enable-gtk-cairo --with-java-home=/usr/lib/jvm/java-1.5.0-gcj-4.9-amd64/jre --enable-java-home --with-jvm-root-dir=/usr/lib/jvm/java-1.5.0-gcj-4.9-amd64 --with-jvm-jar-dir=/usr/lib/jvm-exports/java-1.5.0-gcj-4.9-amd64 --with-arch-directory=amd64 --with-ecj-jar=/usr/share/java/eclipse-ecj.jar --enable-objc-gc --enable-multiarch --disable-werror --with-arch-32=i686 --with-abi=m64 --with-multilib-list=m32,m64,mx32 --enable-multilib --with-tune=generic --enable-checking=release --build=x86_64-linux-gnu --host=x86_64-linux-gnu --target=x86_64-linux-gnu
Thread model: posix
gcc version 4.9.2 (Ubuntu 4.9.2-10ubuntu13) 
configure:4253: $? = 0
configure:4242: gcc -V >&5
gcc: error: unrecognized command line option '-V'
gcc: fatal error: no input files
compilation terminated.
configure:4253: $? = 4
configure:4242: gcc -qversion >&5
gcc: error: unrecognized command line option '-qversion'
gcc: fatal error: no input files
compilation terminated.
configure:4253: $? = 4
configure:4257: checking whether we are using the GNU C compiler
configure:4276: gcc -c  -D__STDC_CONSTANT_MACROS conftest.c >&5
configure:4276: $? = 0
configure:4285: result: yes
configure:4294: checking whether gcc accepts -g
configure:4314: gcc -c -g -D__STDC_CONSTANT_MACROS conftest.c >&5
configure:4314: $? = 0
configure:4355: result: yes
configure:4372: checking for gcc option to accept ISO C89
configure:4435: gcc  -c -g -O2 -D__STDC_CONSTANT_MACROS conftest.c >&5
configure:4435: $? = 0
configure:4448: result: none needed
configure:4473: checking whether gcc understands -c and -o together
configure:4495: gcc -c conftest.c -o conftest2.o
configure:4498: $? = 0
configure:4495: gcc -c conftest.c -o conftest2.o
configure:4498: $? = 0
configure:4510: result: yes
configure:4529: checking dependency style of gcc
configure:4640: result: gcc3
configure:4656: checking whether ln -s works
configure:4660: result: yes
configure:4710: checking for ranlib
configure:4726: found /usr/bin/ranlib
configure:4737: result: ranlib
configure:4759: checking whether make sets $(MAKE)
configure:4781: result: yes
configure:4798: checking how to run the C++ preprocessor
configure:4825: g++ -E -D__STDC_CONSTANT_MACROS conftest.cpp
configure:4825: $? = 0
configure:4839: g++ -E -D__STDC_CONSTANT_MACROS conftest.cpp
conftest.cpp:13:28: fatal error: ac_nonexistent.h: No such file or directory
 #include <ac_nonexistent.h>
                            ^
compilation terminated.
configure:4839: $? = 1
configure: failed program was:
| /* confdefs.h */
| #define PACKAGE_NAME "oz"
| #define PACKAGE_TARNAME "ZoneMinder"
| #define PACKAGE_VERSION "2.0.0a"
| #define PACKAGE_STRING "oz 2.0.0a"
| #define PACKAGE_BUGREPORT "support@zoneminder.com"
| #define PACKAGE_URL "http://www.zoneminder.com/downloads.html"
| #define PACKAGE "ZoneMinder"
| #define VERSION "2.0.0a"
| #define ZM_V4L 1
| #define ZM_MEM_MAPPED 1
| /* end confdefs.h.  */
| #include <ac_nonexistent.h>
configure:4864: result: g++ -E
configure:4884: g++ -E -D__STDC_CONSTANT_MACROS conftest.cpp
configure:4884: $? = 0
configure:4898: g++ -E -D__STDC_CONSTANT_MACROS conftest.cpp
conftest.cpp:13:28: fatal error: ac_nonexistent.h: No such file or directory
 #include <ac_nonexistent.h>
                            ^
compilation terminated.
configure:4898: $? = 1
configure: failed program was:
| /* confdefs.h */
| #define PACKAGE_NAME "oz"
| #define PACKAGE_TARNAME "ZoneMinder"
| #define PACKAGE_VERSION "2.0.0a"
| #define PACKAGE_STRING "oz 2.0.0a"
| #define PACKAGE_BUGREPORT "support@zoneminder.com"
| #define PACKAGE_URL "http://www.zoneminder.com/downloads.html"
| #define PACKAGE "ZoneMinder"
| #define VERSION "2.0.0a"
| #define ZM_V4L 1
| #define ZM_MEM_MAPPED 1
| /* end confdefs.h.  */
| #include <ac_nonexistent.h>
configure:4927: checking for grep that handles long lines and -e
configure:4985: result: /bin/grep
configure:4990: checking for egrep
configure:5052: result: /bin/grep -E
configure:5057: checking for ANSI C header files
configure:5077: g++ -c -g -O2 -D__STDC_CONSTANT_MACROS conftest.cpp >&5
configure:5077: $? = 0
configure:5150: g++ -o conftest -g -O2 -D__STDC_CONSTANT_MACROS  conftest.cpp  >&5
configure:5150: $? = 0
configure:5150: ./conftest
configure:5150: $? = 0
configure:5161: result: yes
configure:5174: checking for sys/types.h
configure:5174: g++ -c -g -O2 -D__STDC_CONSTANT_MACROS conftest.cpp >&5
configure:5174: $? = 0
configure:5174: result: yes
configure:5174: checking for sys/stat.h
configure:5174: g++ -c -g -O2 -D__STDC_CONSTANT_MACROS conftest.cpp >&5
configure:5174: $? = 0
configure:5174: result: yes
configure:5174: checking for stdlib.h
configure:5174: g++ -c -g -O2 -D__STDC_CONSTANT_MACROS conftest.cpp >&5
configure:5174: $? = 0
configure:5174: result: yes
configure:5174: checking for string.h
configure:5174: g++ -c -g -O2 -D__STDC_CONSTANT_MACROS conftest.cpp >&5
configure:5174: $? = 0
configure:5174: result: yes
configure:5174: checking for memory.h
configure:5174: g++ -c -g -O2 -D__STDC_CONSTANT_MACROS conftest.cpp >&5
configure:5174: $? = 0
configure:5174: result: yes
configure:5174: checking for strings.h
configure:5174: g++ -c -g -O2 -D__STDC_CONSTANT_MACROS conftest.cpp >&5
configure:5174: $? = 0
configure:5174: result: yes
configure:5174: checking for inttypes.h
configure:5174: g++ -c -g -O2 -D__STDC_CONSTANT_MACROS conftest.cpp >&5
configure:5174: $? = 0
configure:5174: result: yes
configure:5174: checking for stdint.h
configure:5174: g++ -c -g -O2 -D__STDC_CONSTANT_MACROS conftest.cpp >&5
configure:5174: $? = 0
configure:5174: result: yes
configure:5174: checking for unistd.h
configure:5174: g++ -c -g -O2 -D__STDC_CONSTANT_MACROS conftest.cpp >&5
configure:5174: $? = 0
configure:5174: result: yes
configure:5186: checking for stdbool.h that conforms to C99
configure:5253: g++ -c -g -O2 -D__STDC_CONSTANT_MACROS conftest.cpp >&5
configure:5253: $? = 0
configure:5260: result: yes
configure:5262: checking for _Bool
configure:5262: g++ -c -g -O2 -D__STDC_CONSTANT_MACROS conftest.cpp >&5
conftest.cpp: In function 'int main()':
conftest.cpp:59:13: error: '_Bool' was not declared in this scope
 if (sizeof (_Bool))
             ^
configure:5262: $? = 1
configure: failed program was:
| /* confdefs.h */
| #define PACKAGE_NAME "oz"
| #define PACKAGE_TARNAME "ZoneMinder"
| #define PACKAGE_VERSION "2.0.0a"
| #define PACKAGE_STRING "oz 2.0.0a"
| #define PACKAGE_BUGREPORT "support@zoneminder.com"
| #define PACKAGE_URL "http://www.zoneminder.com/downloads.html"
| #define PACKAGE "ZoneMinder"
| #define VERSION "2.0.0a"
| #define ZM_V4L 1
| #define ZM_MEM_MAPPED 1
| #define STDC_HEADERS 1
| #define HAVE_SYS_TYPES_H 1
| #define HAVE_SYS_STAT_H 1
| #define HAVE_STDLIB_H 1
| #define HAVE_STRING_H 1
| #define HAVE_MEMORY_H 1
| #define HAVE_STRINGS_H 1
| #define HAVE_INTTYPES_H 1
| #define HAVE_STDINT_H 1
| #define HAVE_UNISTD_H 1
| /* end confdefs.h.  */
| #include <stdio.h>
| #ifdef HAVE_SYS_TYPES_H
| # include <sys/types.h>
| #endif
| #ifdef HAVE_SYS_STAT_H
| # include <sys/stat.h>
| #endif
| #ifdef STDC_HEADERS
| # include <stdlib.h>
| # include <stddef.h>
| #else
| # ifdef HAVE_STDLIB_H
| #  include <stdlib.h>
| # endif
| #endif
| #ifdef HAVE_STRING_H
| # if !defined STDC_HEADERS && defined HAVE_MEMORY_H
| #  include <memory.h>
| # endif
| # include <string.h>
| #endif
| #ifdef HAVE_STRINGS_H
| # include <strings.h>
| #endif
| #ifdef HAVE_INTTYPES_H
| # include <inttypes.h>
| #endif
| #ifdef HAVE_STDINT_H
| # include <stdint.h>
| #endif
| #ifdef HAVE_UNISTD_H
| # include <unistd.h>
| #endif
| int
| main ()
| {
| if (sizeof (_Bool))
| 	 return 0;
|   ;
|   return 0;
| }
configure:5262: result: no
configure:5279: checking for an ANSI C-conforming const
configure:5345: g++ -c -g -O2 -D__STDC_CONSTANT_MACROS conftest.cpp >&5
configure:5345: $? = 0
configure:5352: result: yes
configure:5360: checking for uid_t in sys/types.h
configure:5379: result: yes
configure:5390: checking for inline
configure:5406: g++ -c -g -O2 -D__STDC_CONSTANT_MACROS conftest.cpp >&5
configure:5406: $? = 0
configure:5414: result: inline
configure:5432: checking for mode_t
configure:5432: g++ -c -g -O2 -D__STDC_CONSTANT_MACROS conftest.cpp >&5
configure:5432: $? = 0
configure:5432: g++ -c -g -O2 -D__STDC_CONSTANT_MACROS conftest.cpp >&5
conftest.cpp: In function 'int main()':
conftest.cpp:60:20: error: expected primary-expression before ')' token
 if (sizeof ((mode_t)))
                    ^
configure:5432: $? = 1
configure: failed program was:
| /* confdefs.h */
| #define PACKAGE_NAME "oz"
| #define PACKAGE_TARNAME "ZoneMinder"
| #define PACKAGE_VERSION "2.0.0a"
| #define PACKAGE_STRING "oz 2.0.0a"
| #define PACKAGE_BUGREPORT "support@zoneminder.com"
| #define PACKAGE_URL "http://www.zoneminder.com/downloads.html"
| #define PACKAGE "ZoneMinder"
| #define VERSION "2.0.0a"
| #define ZM_V4L 1
| #define ZM_MEM_MAPPED 1
| #define STDC_HEADERS 1
| #define HAVE_SYS_TYPES_H 1
| #define HAVE_SYS_STAT_H 1
| #define HAVE_STDLIB_H 1
| #define HAVE_STRING_H 1
| #define HAVE_MEMORY_H 1
| #define HAVE_STRINGS_H 1
| #define HAVE_INTTYPES_H 1
| #define HAVE_STDINT_H 1
| #define HAVE_UNISTD_H 1
| #define HAVE_STDBOOL_H 1
| /* end confdefs.h.  */
| #include <stdio.h>
| #ifdef HAVE_SYS_TYPES_H
| # include <sys/types.h>
| #endif
| #ifdef HAVE_SYS_STAT_H
| # include <sys/stat.h>
| #endif
| #ifdef STDC_HEADERS
| # include <stdlib.h>
| # include <stddef.h>
| #else
| # ifdef HAVE_STDLIB_H
| #  include <stdlib.h>
| # endif
| #endif
| #ifdef HAVE_STRING_H
| # if !defined STDC_HEADERS && defined HAVE_MEMORY_H
| #  include <memory.h>
| # endif
| # include <string.h>
| #endif
| #ifdef HAVE_STRINGS_H
| # include <strings.h>
| #endif
| #ifdef HAVE_INTTYPES_H
| # include <inttypes.h>
| #endif
| #ifdef HAVE_STDINT_H
| # include <stdint.h>
| #endif
| #ifdef HAVE_UNISTD_H
| # include <unistd.h>
| #endif
| int
| main ()
| {
| if (sizeof ((mode_t)))
| 	    return 0;
|   ;
|   return 0;
| }
configure:5432: result: yes
configure:5443: checking for size_t
configure:5443: g++ -c -g -O2 -D__STDC_CONSTANT_MACROS conftest.cpp >&5
configure:5443: $? = 0
configure:5443: g++ -c -g -O2 -D__STDC_CONSTANT_MACROS conftest.cpp >&5
conftest.cpp: In function 'int main()':
conftest.cpp:60:20: error: expected primary-expression before ')' token
 if (sizeof ((size_t)))
                    ^
configure:5443: $? = 1
configure: failed program was:
| /* confdefs.h */
| #define PACKAGE_NAME "oz"
| #define PACKAGE_TARNAME "ZoneMinder"
| #define PACKAGE_VERSION "2.0.0a"
| #define PACKAGE_STRING "oz 2.0.0a"
| #define PACKAGE_BUGREPORT "support@zoneminder.com"
| #define PACKAGE_URL "http://www.zoneminder.com/downloads.html"
| #define PACKAGE "ZoneMinder"
| #define VERSION "2.0.0a"
| #define ZM_V4L 1
| #define ZM_MEM_MAPPED 1
| #define STDC_HEADERS 1
| #define HAVE_SYS_TYPES_H 1
| #define HAVE_SYS_STAT_H 1
| #define HAVE_STDLIB_H 1
| #define HAVE_STRING_H 1
| #define HAVE_MEMORY_H 1
| #define HAVE_STRINGS_H 1
| #define HAVE_INTTYPES_H 1
| #define HAVE_STDINT_H 1
| #define HAVE_UNISTD_H 1
| #define HAVE_STDBOOL_H 1
| /* end confdefs.h.  */
| #include <stdio.h>
| #ifdef HAVE_SYS_TYPES_H
| # include <sys/types.h>
| #endif
| #ifdef HAVE_SYS_STAT_H
| # include <sys/stat.h>
| #endif
| #ifdef STDC_HEADERS
| # include <stdlib.h>
| # include <stddef.h>
| #else
| # ifdef HAVE_STDLIB_H
| #  include <stdlib.h>
| # endif
| #endif
| #ifdef HAVE_STRING_H
| # if !defined STDC_HEADERS && defined HAVE_MEMORY_H
| #  include <memory.h>
| # endif
| # include <string.h>
| #endif
| #ifdef HAVE_STRINGS_H
| # include <strings.h>
| #endif
| #ifdef HAVE_INTTYPES_H
| # include <inttypes.h>
| #endif
| #ifdef HAVE_STDINT_H
| # include <stdint.h>
| #endif
| #ifdef HAVE_UNISTD_H
| # include <unistd.h>
| #endif
| int
| main ()
| {
| if (sizeof ((size_t)))
| 	    return 0;
|   ;
|   return 0;
| }
configure:5443: result: yes
configure:5454: checking whether time.h and sys/time.h may both be included
configure:5474: g++ -c -g -O2 -D__STDC_CONSTANT_MACROS conftest.cpp >&5
configure:5474: $? = 0
configure:5481: result: yes
configure:5489: checking whether struct tm is in sys/time.h or time.h
configure:5509: g++ -c -g -O2 -D__STDC_CONSTANT_MACROS conftest.cpp >&5
configure:5509: $? = 0
configure:5516: result: time.h
configure:5524: checking return type of signal handlers
configure:5542: g++ -c -g -O2 -D__STDC_CONSTANT_MACROS conftest.cpp >&5
conftest.cpp: In function 'int main()':
conftest.cpp:31:22: error: void value not ignored as it ought to be
 return *(signal (0, 0)) (0) == 1;
                      ^
configure:5542: $? = 1
configure: failed program was:
| /* confdefs.h */
| #define PACKAGE_NAME "oz"
| #define PACKAGE_TARNAME "ZoneMinder"
| #define PACKAGE_VERSION "2.0.0a"
| #define PACKAGE_STRING "oz 2.0.0a"
| #define PACKAGE_BUGREPORT "support@zoneminder.com"
| #define PACKAGE_URL "http://www.zoneminder.com/downloads.html"
| #define PACKAGE "ZoneMinder"
| #define VERSION "2.0.0a"
| #define ZM_V4L 1
| #define ZM_MEM_MAPPED 1
| #define STDC_HEADERS 1
| #define HAVE_SYS_TYPES_H 1
| #define HAVE_SYS_STAT_H 1
| #define HAVE_STDLIB_H 1
| #define HAVE_STRING_H 1
| #define HAVE_MEMORY_H 1
| #define HAVE_STRINGS_H 1
| #define HAVE_INTTYPES_H 1
| #define HAVE_STDINT_H 1
| #define HAVE_UNISTD_H 1
| #define HAVE_STDBOOL_H 1
| #define TIME_WITH_SYS_TIME 1
| /* end confdefs.h.  */
| #include <sys/types.h>
| #include <signal.h>
| 
| int
| main ()
| {
| return *(signal (0, 0)) (0) == 1;
|   ;
|   return 0;
| }
configure:5549: result: void
configure:5558: checking for siginfo_t
configure:5558: g++ -c -g -O2 -D__STDC_CONSTANT_MACROS conftest.cpp >&5
configure:5558: $? = 0
configure:5558: g++ -c -g -O2 -D__STDC_CONSTANT_MACROS conftest.cpp >&5
conftest.cpp: In function 'int main()':
conftest.cpp:31:23: error: expected primary-expression before ')' token
 if (sizeof ((siginfo_t)))
                       ^
configure:5558: $? = 1
configure: failed program was:
| /* confdefs.h */
| #define PACKAGE_NAME "oz"
| #define PACKAGE_TARNAME "ZoneMinder"
| #define PACKAGE_VERSION "2.0.0a"
| #define PACKAGE_STRING "oz 2.0.0a"
| #define PACKAGE_BUGREPORT "support@zoneminder.com"
| #define PACKAGE_URL "http://www.zoneminder.com/downloads.html"
| #define PACKAGE "ZoneMinder"
| #define VERSION "2.0.0a"
| #define ZM_V4L 1
| #define ZM_MEM_MAPPED 1
| #define STDC_HEADERS 1
| #define HAVE_SYS_TYPES_H 1
| #define HAVE_SYS_STAT_H 1
| #define HAVE_STDLIB_H 1
| #define HAVE_STRING_H 1
| #define HAVE_MEMORY_H 1
| #define HAVE_STRINGS_H 1
| #define HAVE_INTTYPES_H 1
| #define HAVE_STDINT_H 1
| #define HAVE_UNISTD_H 1
| #define HAVE_STDBOOL_H 1
| #define TIME_WITH_SYS_TIME 1
| #define RETSIGTYPE void
| /* end confdefs.h.  */
| #include <signal.h>
| 
| int
| main ()
| {
| if (sizeof ((siginfo_t)))
| 	    return 0;
|   ;
|   return 0;
| }
configure:5558: result: yes
configure:5569: checking for struct sigcontext
configure:5569: g++ -c -g -O2 -D__STDC_CONSTANT_MACROS conftest.cpp >&5
configure:5569: $? = 0
configure:5569: g++ -c -g -O2 -D__STDC_CONSTANT_MACROS conftest.cpp >&5
conftest.cpp: In function 'int main()':
conftest.cpp:32:14: error: expected primary-expression before 'struct'
 if (sizeof ((struct sigcontext)))
              ^
conftest.cpp:32:14: error: expected ')' before 'struct'
conftest.cpp:33:14: error: expected ')' before ';' token
      return 0;
              ^
conftest.cpp:33:14: error: expected ')' before ';' token
configure:5569: $? = 1
configure: failed program was:
| /* confdefs.h */
| #define PACKAGE_NAME "oz"
| #define PACKAGE_TARNAME "ZoneMinder"
| #define PACKAGE_VERSION "2.0.0a"
| #define PACKAGE_STRING "oz 2.0.0a"
| #define PACKAGE_BUGREPORT "support@zoneminder.com"
| #define PACKAGE_URL "http://www.zoneminder.com/downloads.html"
| #define PACKAGE "ZoneMinder"
| #define VERSION "2.0.0a"
| #define ZM_V4L 1
| #define ZM_MEM_MAPPED 1
| #define STDC_HEADERS 1
| #define HAVE_SYS_TYPES_H 1
| #define HAVE_SYS_STAT_H 1
| #define HAVE_STDLIB_H 1
| #define HAVE_STRING_H 1
| #define HAVE_MEMORY_H 1
| #define HAVE_STRINGS_H 1
| #define HAVE_INTTYPES_H 1
| #define HAVE_STDINT_H 1
| #define HAVE_UNISTD_H 1
| #define HAVE_STDBOOL_H 1
| #define TIME_WITH_SYS_TIME 1
| #define RETSIGTYPE void
| #define HAVE_SIGINFO_T 1
| /* end confdefs.h.  */
| #include <signal.h>
| 
| int
| main ()
| {
| if (sizeof ((struct sigcontext)))
| 	    return 0;
|   ;
|   return 0;
| }
configure:5569: result: yes
configure:5580: checking for struct sigcontext.eip
configure:5580: g++ -c -g -O2 -D__STDC_CONSTANT_MACROS conftest.cpp >&5
conftest.cpp: In function 'int main()':
conftest.cpp:34:13: error: 'struct sigcontext' has no member named 'eip'
 if (ac_aggr.eip)
             ^
configure:5580: $? = 1
configure: failed program was:
| /* confdefs.h */
| #define PACKAGE_NAME "oz"
| #define PACKAGE_TARNAME "ZoneMinder"
| #define PACKAGE_VERSION "2.0.0a"
| #define PACKAGE_STRING "oz 2.0.0a"
| #define PACKAGE_BUGREPORT "support@zoneminder.com"
| #define PACKAGE_URL "http://www.zoneminder.com/downloads.html"
| #define PACKAGE "ZoneMinder"
| #define VERSION "2.0.0a"
| #define ZM_V4L 1
| #define ZM_MEM_MAPPED 1
| #define STDC_HEADERS 1
| #define HAVE_SYS_TYPES_H 1
| #define HAVE_SYS_STAT_H 1
| #define HAVE_STDLIB_H 1
| #define HAVE_STRING_H 1
| #define HAVE_MEMORY_H 1
| #define HAVE_STRINGS_H 1
| #define HAVE_INTTYPES_H 1
| #define HAVE_STDINT_H 1
| #define HAVE_UNISTD_H 1
| #define HAVE_STDBOOL_H 1
| #define TIME_WITH_SYS_TIME 1
| #define RETSIGTYPE void
| #define HAVE_SIGINFO_T 1
| #define HAVE_STRUCT_SIGCONTEXT 1
| /* end confdefs.h.  */
| #include <signal.h>
| 
| int
| main ()
| {
| static struct sigcontext ac_aggr;
| if (ac_aggr.eip)
| return 0;
|   ;
|   return 0;
| }
configure:5580: g++ -c -g -O2 -D__STDC_CONSTANT_MACROS conftest.cpp >&5
conftest.cpp: In function 'int main()':
conftest.cpp:34:20: error: 'struct sigcontext' has no member named 'eip'
 if (sizeof ac_aggr.eip)
                    ^
configure:5580: $? = 1
configure: failed program was:
| /* confdefs.h */
| #define PACKAGE_NAME "oz"
| #define PACKAGE_TARNAME "ZoneMinder"
| #define PACKAGE_VERSION "2.0.0a"
| #define PACKAGE_STRING "oz 2.0.0a"
| #define PACKAGE_BUGREPORT "support@zoneminder.com"
| #define PACKAGE_URL "http://www.zoneminder.com/downloads.html"
| #define PACKAGE "ZoneMinder"
| #define VERSION "2.0.0a"
| #define ZM_V4L 1
| #define ZM_MEM_MAPPED 1
| #define STDC_HEADERS 1
| #define HAVE_SYS_TYPES_H 1
| #define HAVE_SYS_STAT_H 1
| #define HAVE_STDLIB_H 1
| #define HAVE_STRING_H 1
| #define HAVE_MEMORY_H 1
| #define HAVE_STRINGS_H 1
| #define HAVE_INTTYPES_H 1
| #define HAVE_STDINT_H 1
| #define HAVE_UNISTD_H 1
| #define HAVE_STDBOOL_H 1
| #define TIME_WITH_SYS_TIME 1
| #define RETSIGTYPE void
| #define HAVE_SIGINFO_T 1
| #define HAVE_STRUCT_SIGCONTEXT 1
| /* end confdefs.h.  */
| #include <signal.h>
| 
| int
| main ()
| {
| static struct sigcontext ac_aggr;
| if (sizeof ac_aggr.eip)
| return 0;
|   ;
|   return 0;
| }
configure:5580: result: no
configure:5591: checking for ucontext_t
configure:5591: g++ -c -g -O2 -D__STDC_CONSTANT_MACROS conftest.cpp >&5
configure:5591: $? = 0
configure:5591: g++ -c -g -O2 -D__STDC_CONSTANT_MACROS conftest.cpp >&5
conftest.cpp: In function 'int main()':
conftest.cpp:33:24: error: expected primary-expression before ')' token
 if (sizeof ((ucontext_t)))
                        ^
configure:5591: $? = 1
configure: failed program was:
| /* confdefs.h */
| #define PACKAGE_NAME "oz"
| #define PACKAGE_TARNAME "ZoneMinder"
| #define PACKAGE_VERSION "2.0.0a"
| #define PACKAGE_STRING "oz 2.0.0a"
| #define PACKAGE_BUGREPORT "support@zoneminder.com"
| #define PACKAGE_URL "http://www.zoneminder.com/downloads.html"
| #define PACKAGE "ZoneMinder"
| #define VERSION "2.0.0a"
| #define ZM_V4L 1
| #define ZM_MEM_MAPPED 1
| #define STDC_HEADERS 1
| #define HAVE_SYS_TYPES_H 1
| #define HAVE_SYS_STAT_H 1
| #define HAVE_STDLIB_H 1
| #define HAVE_STRING_H 1
| #define HAVE_MEMORY_H 1
| #define HAVE_STRINGS_H 1
| #define HAVE_INTTYPES_H 1
| #define HAVE_STDINT_H 1
| #define HAVE_UNISTD_H 1
| #define HAVE_STDBOOL_H 1
| #define TIME_WITH_SYS_TIME 1
| #define RETSIGTYPE void
| #define HAVE_SIGINFO_T 1
| #define HAVE_STRUCT_SIGCONTEXT 1
| /* end confdefs.h.  */
| #include <signal.h>
| 
| int
| main ()
| {
| if (sizeof ((ucontext_t)))
| 	    return 0;
|   ;
|   return 0;
| }
configure:5591: result: yes
configure:5605: checking whether gcc needs -traditional
configure:5639: result: no
configure:5648: checking for stdlib.h
configure:5648: result: yes
configure:5658: checking for GNU libc compatible malloc
configure:5682: g++ -o conftest -g -O2 -D__STDC_CONSTANT_MACROS  conftest.cpp  >&5
configure:5682: $? = 0
configure:5682: ./conftest
configure:5682: $? = 0
configure:5692: result: yes
configure:5719: checking for stdlib.h
configure:5719: result: yes
configure:5719: checking for unistd.h
configure:5719: result: yes
configure:5719: checking for sys/param.h
configure:5719: g++ -c -g -O2 -D__STDC_CONSTANT_MACROS conftest.cpp >&5
configure:5719: $? = 0
configure:5719: result: yes
configure:5739: checking for getpagesize
configure:5739: g++ -o conftest -g -O2 -D__STDC_CONSTANT_MACROS  conftest.cpp  >&5
configure:5739: $? = 0
configure:5739: result: yes
configure:5748: checking for working mmap
configure:5895: g++ -o conftest -g -O2 -D__STDC_CONSTANT_MACROS  conftest.cpp  >&5
configure:5895: $? = 0
configure:5895: ./conftest
configure:5895: $? = 0
configure:5905: result: yes
configure:5917: checking sys/select.h usability
configure:5917: g++ -c -g -O2 -D__STDC_CONSTANT_MACROS conftest.cpp >&5
configure:5917: $? = 0
configure:5917: result: yes
configure:5917: checking sys/select.h presence
configure:5917: g++ -E -D__STDC_CONSTANT_MACROS conftest.cpp
configure:5917: $? = 0
configure:5917: result: yes
configure:5917: checking for sys/select.h
configure:5917: result: yes
configure:5917: checking sys/socket.h usability
configure:5917: g++ -c -g -O2 -D__STDC_CONSTANT_MACROS conftest.cpp >&5
configure:5917: $? = 0
configure:5917: result: yes
configure:5917: checking sys/socket.h presence
configure:5917: g++ -E -D__STDC_CONSTANT_MACROS conftest.cpp
configure:5917: $? = 0
configure:5917: result: yes
configure:5917: checking for sys/socket.h
configure:5917: result: yes
configure:5927: checking types of arguments for select
configure:5955: g++ -c -g -O2 -D__STDC_CONSTANT_MACROS conftest.cpp >&5
configure:5955: $? = 0
configure:5966: result: int,fd_set *,struct timeval *
configure:5989: checking whether lstat correctly handles trailing slash
configure:6015: g++ -o conftest -g -O2 -D__STDC_CONSTANT_MACROS  conftest.cpp  >&5
configure:6015: $? = 0
configure:6015: ./conftest
configure:6015: $? = 0
configure:6032: result: yes
configure:6051: checking whether stat accepts an empty string
configure:6071: g++ -o conftest -g -O2 -D__STDC_CONSTANT_MACROS  conftest.cpp  >&5
configure:6071: $? = 0
configure:6071: ./conftest
configure:6071: $? = 0
configure:6081: result: no
configure:6099: checking for strftime
configure:6099: g++ -o conftest -g -O2 -D__STDC_CONSTANT_MACROS  conftest.cpp  >&5
configure:6099: $? = 0
configure:6099: result: yes
configure:6152: checking for working strtod
configure:6193: g++ -o conftest -g -O2 -D__STDC_CONSTANT_MACROS  conftest.cpp  >&5
conftest.cpp: In function 'int main()':
conftest.cpp:85:20: warning: deprecated conversion from string constant to 'char*' [-Wwrite-strings]
     char *string = " +69";
                    ^
conftest.cpp:96:20: warning: deprecated conversion from string constant to 'char*' [-Wwrite-strings]
     char *string = "NaN";
                    ^
configure:6193: $? = 0
configure:6193: ./conftest
configure:6193: $? = 0
configure:6203: result: yes
configure:6267: checking for vprintf
configure:6267: g++ -o conftest -g -O2 -D__STDC_CONSTANT_MACROS  conftest.cpp  >&5
configure:6267: $? = 0
configure:6267: result: yes
configure:6273: checking for _doprnt
configure:6273: g++ -o conftest -g -O2 -D__STDC_CONSTANT_MACROS  conftest.cpp  >&5
/tmp/cclelZuv.o: In function `main':
/home/pp/ozonebase/server/conftest.cpp:78: undefined reference to `_doprnt'
collect2: error: ld returned 1 exit status
configure:6273: $? = 1
configure: failed program was:
| /* confdefs.h */
| #define PACKAGE_NAME "oz"
| #define PACKAGE_TARNAME "ZoneMinder"
| #define PACKAGE_VERSION "2.0.0a"
| #define PACKAGE_STRING "oz 2.0.0a"
| #define PACKAGE_BUGREPORT "support@zoneminder.com"
| #define PACKAGE_URL "http://www.zoneminder.com/downloads.html"
| #define PACKAGE "ZoneMinder"
| #define VERSION "2.0.0a"
| #define ZM_V4L 1
| #define ZM_MEM_MAPPED 1
| #define STDC_HEADERS 1
| #define HAVE_SYS_TYPES_H 1
| #define HAVE_SYS_STAT_H 1
| #define HAVE_STDLIB_H 1
| #define HAVE_STRING_H 1
| #define HAVE_MEMORY_H 1
| #define HAVE_STRINGS_H 1
| #define HAVE_INTTYPES_H 1
| #define HAVE_STDINT_H 1
| #define HAVE_UNISTD_H 1
| #define HAVE_STDBOOL_H 1
| #define TIME_WITH_SYS_TIME 1
| #define RETSIGTYPE void
| #define HAVE_SIGINFO_T 1
| #define HAVE_STRUCT_SIGCONTEXT 1
| #define HAVE_UCONTEXT_T 1
| #define HAVE_STDLIB_H 1
| #define HAVE_MALLOC 1
| #define HAVE_STDLIB_H 1
| #define HAVE_UNISTD_H 1
| #define HAVE_SYS_PARAM_H 1
| #define HAVE_GETPAGESIZE 1
| #define HAVE_MMAP 1
| #define HAVE_SYS_SELECT_H 1
| #define HAVE_SYS_SOCKET_H 1
| #define SELECT_TYPE_ARG1 int
| #define SELECT_TYPE_ARG234 (fd_set *)
| #define SELECT_TYPE_ARG5 (struct timeval *)
| #define LSTAT_FOLLOWS_SLASHED_SYMLINK 1
| #define HAVE_STRFTIME 1
| #define HAVE_VPRINTF 1
| /* end confdefs.h.  */
| /* Define _doprnt to an innocuous variant, in case <limits.h> declares _doprnt.
|    For example, HP-UX 11i <limits.h> declares gettimeofday.  */
| #define _doprnt innocuous__doprnt
| 
| /* System header to define __stub macros and hopefully few prototypes,
|     which can conflict with char _doprnt (); below.
|     Prefer <limits.h> to <assert.h> if __STDC__ is defined, since
|     <limits.h> exists even on freestanding compilers.  */
| 
| #ifdef __STDC__
| # include <limits.h>
| #else
| # include <assert.h>
| #endif
| 
| #undef _doprnt
| 
| /* Override any GCC internal prototype to avoid an error.
|    Use char because int might match the return type of a GCC
|    builtin and then its argument prototype would still apply.  */
| #ifdef __cplusplus
| extern "C"
| #endif
| char _doprnt ();
| /* The GNU C library defines this for functions which it implements
|     to always fail with ENOSYS.  Some functions are actually named
|     something starting with __ and the normal name is an alias.  */
| #if defined __stub__doprnt || defined __stub____doprnt
| choke me
| #endif
| 
| int
| main ()
| {
| return _doprnt ();
|   ;
|   return 0;
| }
configure:6273: result: no
configure:6287: checking for gethostbyname
configure:6287: g++ -o conftest -g -O2 -D__STDC_CONSTANT_MACROS  conftest.cpp  >&5
configure:6287: $? = 0
configure:6287: result: yes
configure:6287: checking for gethostname
configure:6287: g++ -o conftest -g -O2 -D__STDC_CONSTANT_MACROS  conftest.cpp  >&5
configure:6287: $? = 0
configure:6287: result: yes
configure:6287: checking for gettimeofday
configure:6287: g++ -o conftest -g -O2 -D__STDC_CONSTANT_MACROS  conftest.cpp  >&5
configure:6287: $? = 0
configure:6287: result: yes
configure:6287: checking for memmove
configure:6287: g++ -o conftest -g -O2 -D__STDC_CONSTANT_MACROS  conftest.cpp  >&5
configure:6287: $? = 0
configure:6287: result: yes
configure:6287: checking for memset
configure:6287: g++ -o conftest -g -O2 -D__STDC_CONSTANT_MACROS  conftest.cpp  >&5
configure:6287: $? = 0
configure:6287: result: yes
configure:6287: checking for mkdir
configure:6287: g++ -o conftest -g -O2 -D__STDC_CONSTANT_MACROS  conftest.cpp  >&5
configure:6287: $? = 0
configure:6287: result: yes
configure:6287: checking for munmap
configure:6287: g++ -o conftest -g -O2 -D__STDC_CONSTANT_MACROS  conftest.cpp  >&5
configure:6287: $? = 0
configure:6287: result: yes
configure:6287: checking for putenv
configure:6287: g++ -o conftest -g -O2 -D__STDC_CONSTANT_MACROS  conftest.cpp  >&5
configure:6287: $? = 0
configure:6287: result: yes
configure:6287: checking for select
configure:6287: g++ -o conftest -g -O2 -D__STDC_CONSTANT_MACROS  conftest.cpp  >&5
configure:6287: $? = 0
configure:6287: result: yes
configure:6287: checking for socket
configure:6287: g++ -o conftest -g -O2 -D__STDC_CONSTANT_MACROS  conftest.cpp  >&5
configure:6287: $? = 0
configure:6287: result: yes
configure:6287: checking for sqrt
configure:6287: g++ -o conftest -g -O2 -D__STDC_CONSTANT_MACROS  conftest.cpp  >&5
configure:6287: $? = 0
configure:6287: result: yes
configure:6287: checking for strcasecmp
configure:6287: g++ -o conftest -g -O2 -D__STDC_CONSTANT_MACROS  conftest.cpp  >&5
configure:6287: $? = 0
configure:6287: result: yes
configure:6287: checking for strchr
configure:6287: g++ -o conftest -g -O2 -D__STDC_CONSTANT_MACROS  conftest.cpp  >&5
configure:6287: $? = 0
configure:6287: result: yes
configure:6287: checking for strcspn
configure:6287: g++ -o conftest -g -O2 -D__STDC_CONSTANT_MACROS  conftest.cpp  >&5
configure:6287: $? = 0
configure:6287: result: yes
configure:6287: checking for strerror
configure:6287: g++ -o conftest -g -O2 -D__STDC_CONSTANT_MACROS  conftest.cpp  >&5
configure:6287: $? = 0
configure:6287: result: yes
configure:6287: checking for strncasecmp
configure:6287: g++ -o conftest -g -O2 -D__STDC_CONSTANT_MACROS  conftest.cpp  >&5
configure:6287: $? = 0
configure:6287: result: yes
configure:6287: checking for strrchr
configure:6287: g++ -o conftest -g -O2 -D__STDC_CONSTANT_MACROS  conftest.cpp  >&5
configure:6287: $? = 0
configure:6287: result: yes
configure:6287: checking for strsignal
configure:6287: g++ -o conftest -g -O2 -D__STDC_CONSTANT_MACROS  conftest.cpp  >&5
configure:6287: $? = 0
configure:6287: result: yes
configure:6287: checking for strspn
configure:6287: g++ -o conftest -g -O2 -D__STDC_CONSTANT_MACROS  conftest.cpp  >&5
configure:6287: $? = 0
configure:6287: result: yes
configure:6287: checking for strstr
configure:6287: g++ -o conftest -g -O2 -D__STDC_CONSTANT_MACROS  conftest.cpp  >&5
configure:6287: $? = 0
configure:6287: result: yes
configure:6287: checking for strtol
configure:6287: g++ -o conftest -g -O2 -D__STDC_CONSTANT_MACROS  conftest.cpp  >&5
configure:6287: $? = 0
configure:6287: result: yes
configure:6287: checking for strtoull
configure:6287: g++ -o conftest -g -O2 -D__STDC_CONSTANT_MACROS  conftest.cpp  >&5
configure:6287: $? = 0
configure:6287: result: yes
configure:6298: checking for jpeg_start_compress in -ljpeg
configure:6323: g++ -o conftest -g -O2 -D__STDC_CONSTANT_MACROS  conftest.cpp -ljpeg   >&5
configure:6323: $? = 0
configure:6332: result: yes
configure:6345: checking for pthread_create in -lpthread
configure:6370: g++ -o conftest -g -O2 -D__STDC_CONSTANT_MACROS  conftest.cpp -lpthread  -ljpeg  >&5
configure:6370: $? = 0
configure:6379: result: yes
configure:6392: checking for dlsym in -ldl
configure:6417: g++ -o conftest -g -O2 -D__STDC_CONSTANT_MACROS  conftest.cpp -ldl  -lpthread -ljpeg  >&5
configure:6417: $? = 0
configure:6426: result: yes
configure:6491: checking gcrypt.h usability
configure:6491: g++ -c -g -O2 -D__STDC_CONSTANT_MACROS conftest.cpp >&5
configure:6491: $? = 0
configure:6491: result: yes
configure:6491: checking gcrypt.h presence
configure:6491: g++ -E -D__STDC_CONSTANT_MACROS conftest.cpp
configure:6491: $? = 0
configure:6491: result: yes
configure:6491: checking for gcrypt.h
configure:6491: result: yes
configure:6504: checking for gcry_check_version in -lgcrypt
configure:6529: g++ -o conftest -g -O2 -D__STDC_CONSTANT_MACROS  conftest.cpp -lgcrypt  -ldl -lpthread -ljpeg  >&5
configure:6529: $? = 0
configure:6538: result: yes
configure:6552: checking for MD5 in -lgnutls-openssl
configure:6577: g++ -o conftest -g -O2 -D__STDC_CONSTANT_MACROS  conftest.cpp -lgnutls-openssl  -lgcrypt -ldl -lpthread -ljpeg  >&5
configure:6577: $? = 0
configure:6586: result: yes
configure:6601: checking for zlibVersion in -lz
configure:6626: g++ -o conftest -g -O2 -D__STDC_CONSTANT_MACROS  conftest.cpp -lz  -lgnutls-openssl -lgcrypt -ldl -lpthread -ljpeg  >&5
configure:6626: $? = 0
configure:6635: result: yes
configure:6646: checking for x264_predict_16x16_init in -lx264
configure:6671: g++ -o conftest -g -O2 -D__STDC_CONSTANT_MACROS  conftest.cpp -lx264  -lz -lgnutls-openssl -lgcrypt -ldl -lpthread -ljpeg  >&5
/usr/bin/ld: cannot find -lx264
collect2: error: ld returned 1 exit status
configure:6671: $? = 1
configure: failed program was:
| /* confdefs.h */
| #define PACKAGE_NAME "oz"
| #define PACKAGE_TARNAME "ZoneMinder"
| #define PACKAGE_VERSION "2.0.0a"
| #define PACKAGE_STRING "oz 2.0.0a"
| #define PACKAGE_BUGREPORT "support@zoneminder.com"
| #define PACKAGE_URL "http://www.zoneminder.com/downloads.html"
| #define PACKAGE "ZoneMinder"
| #define VERSION "2.0.0a"
| #define ZM_V4L 1
| #define ZM_MEM_MAPPED 1
| #define STDC_HEADERS 1
| #define HAVE_SYS_TYPES_H 1
| #define HAVE_SYS_STAT_H 1
| #define HAVE_STDLIB_H 1
| #define HAVE_STRING_H 1
| #define HAVE_MEMORY_H 1
| #define HAVE_STRINGS_H 1
| #define HAVE_INTTYPES_H 1
| #define HAVE_STDINT_H 1
| #define HAVE_UNISTD_H 1
| #define HAVE_STDBOOL_H 1
| #define TIME_WITH_SYS_TIME 1
| #define RETSIGTYPE void
| #define HAVE_SIGINFO_T 1
| #define HAVE_STRUCT_SIGCONTEXT 1
| #define HAVE_UCONTEXT_T 1
| #define HAVE_STDLIB_H 1
| #define HAVE_MALLOC 1
| #define HAVE_STDLIB_H 1
| #define HAVE_UNISTD_H 1
| #define HAVE_SYS_PARAM_H 1
| #define HAVE_GETPAGESIZE 1
| #define HAVE_MMAP 1
| #define HAVE_SYS_SELECT_H 1
| #define HAVE_SYS_SOCKET_H 1
| #define SELECT_TYPE_ARG1 int
| #define SELECT_TYPE_ARG234 (fd_set *)
| #define SELECT_TYPE_ARG5 (struct timeval *)
| #define LSTAT_FOLLOWS_SLASHED_SYMLINK 1
| #define HAVE_STRFTIME 1
| #define HAVE_VPRINTF 1
| #define HAVE_GETHOSTBYNAME 1
| #define HAVE_GETHOSTNAME 1
| #define HAVE_GETTIMEOFDAY 1
| #define HAVE_MEMMOVE 1
| #define HAVE_MEMSET 1
| #define HAVE_MKDIR 1
| #define HAVE_MUNMAP 1
| #define HAVE_PUTENV 1
| #define HAVE_SELECT 1
| #define HAVE_SOCKET 1
| #define HAVE_SQRT 1
| #define HAVE_STRCASECMP 1
| #define HAVE_STRCHR 1
| #define HAVE_STRCSPN 1
| #define HAVE_STRERROR 1
| #define HAVE_STRNCASECMP 1
| #define HAVE_STRRCHR 1
| #define HAVE_STRSIGNAL 1
| #define HAVE_STRSPN 1
| #define HAVE_STRSTR 1
| #define HAVE_STRTOL 1
| #define HAVE_STRTOULL 1
| #define HAVE_LIBJPEG 1
| #define HAVE_LIBPTHREAD 1
| #define HAVE_LIBDL 1
| #define HAVE_GCRYPT_H 1
| #define HAVE_LIBGCRYPT 1
| #define HAVE_LIBGNUTLS_OPENSSL 1
| #define HAVE_LIBZ 1
| /* end confdefs.h.  */
| 
| /* Override any GCC internal prototype to avoid an error.
|    Use char because int might match the return type of a GCC
|    builtin and then its argument prototype would still apply.  */
| #ifdef __cplusplus
| extern "C"
| #endif
| char x264_predict_16x16_init ();
| int
| main ()
| {
| return x264_predict_16x16_init ();
|   ;
|   return 0;
| }
configure:6680: result: no
configure:6691: checking for av_image_copy in -lavcore
configure:6716: g++ -o conftest -g -O2 -D__STDC_CONSTANT_MACROS  conftest.cpp -lavcore  -lz -lgnutls-openssl -lgcrypt -ldl -lpthread -ljpeg  >&5
/usr/bin/ld: cannot find -lavcore
collect2: error: ld returned 1 exit status
configure:6716: $? = 1
configure: failed program was:
| /* confdefs.h */
| #define PACKAGE_NAME "oz"
| #define PACKAGE_TARNAME "ZoneMinder"
| #define PACKAGE_VERSION "2.0.0a"
| #define PACKAGE_STRING "oz 2.0.0a"
| #define PACKAGE_BUGREPORT "support@zoneminder.com"
| #define PACKAGE_URL "http://www.zoneminder.com/downloads.html"
| #define PACKAGE "ZoneMinder"
| #define VERSION "2.0.0a"
| #define ZM_V4L 1
| #define ZM_MEM_MAPPED 1
| #define STDC_HEADERS 1
| #define HAVE_SYS_TYPES_H 1
| #define HAVE_SYS_STAT_H 1
| #define HAVE_STDLIB_H 1
| #define HAVE_STRING_H 1
| #define HAVE_MEMORY_H 1
| #define HAVE_STRINGS_H 1
| #define HAVE_INTTYPES_H 1
| #define HAVE_STDINT_H 1
| #define HAVE_UNISTD_H 1
| #define HAVE_STDBOOL_H 1
| #define TIME_WITH_SYS_TIME 1
| #define RETSIGTYPE void
| #define HAVE_SIGINFO_T 1
| #define HAVE_STRUCT_SIGCONTEXT 1
| #define HAVE_UCONTEXT_T 1
| #define HAVE_STDLIB_H 1
| #define HAVE_MALLOC 1
| #define HAVE_STDLIB_H 1
| #define HAVE_UNISTD_H 1
| #define HAVE_SYS_PARAM_H 1
| #define HAVE_GETPAGESIZE 1
| #define HAVE_MMAP 1
| #define HAVE_SYS_SELECT_H 1
| #define HAVE_SYS_SOCKET_H 1
| #define SELECT_TYPE_ARG1 int
| #define SELECT_TYPE_ARG234 (fd_set *)
| #define SELECT_TYPE_ARG5 (struct timeval *)
| #define LSTAT_FOLLOWS_SLASHED_SYMLINK 1
| #define HAVE_STRFTIME 1
| #define HAVE_VPRINTF 1
| #define HAVE_GETHOSTBYNAME 1
| #define HAVE_GETHOSTNAME 1
| #define HAVE_GETTIMEOFDAY 1
| #define HAVE_MEMMOVE 1
| #define HAVE_MEMSET 1
| #define HAVE_MKDIR 1
| #define HAVE_MUNMAP 1
| #define HAVE_PUTENV 1
| #define HAVE_SELECT 1
| #define HAVE_SOCKET 1
| #define HAVE_SQRT 1
| #define HAVE_STRCASECMP 1
| #define HAVE_STRCHR 1
| #define HAVE_STRCSPN 1
| #define HAVE_STRERROR 1
| #define HAVE_STRNCASECMP 1
| #define HAVE_STRRCHR 1
| #define HAVE_STRSIGNAL 1
| #define HAVE_STRSPN 1
| #define HAVE_STRSTR 1
| #define HAVE_STRTOL 1
| #define HAVE_STRTOULL 1
| #define HAVE_LIBJPEG 1
| #define HAVE_LIBPTHREAD 1
| #define HAVE_LIBDL 1
| #define HAVE_GCRYPT_H 1
| #define HAVE_LIBGCRYPT 1
| #define HAVE_LIBGNUTLS_OPENSSL 1
| #define HAVE_LIBZ 1
| /* end confdefs.h.  */
| 
| /* Override any GCC internal prototype to avoid an error.
|    Use char because int might match the return type of a GCC
|    builtin and then its argument prototype would still apply.  */
| #ifdef __cplusplus
| extern "C"
| #endif
| char av_image_copy ();
| int
| main ()
| {
| return av_image_copy ();
|   ;
|   return 0;
| }
configure:6725: result: no
configure:6736: checking for av_init_packet in -lavcodec
configure:6761: g++ -o conftest -g -O2 -D__STDC_CONSTANT_MACROS  conftest.cpp -lavcodec  -lz -lgnutls-openssl -lgcrypt -ldl -lpthread -ljpeg  >&5
configure:6761: $? = 0
configure:6770: result: yes
configure:6784: checking for av_register_all in -lavformat
configure:6809: g++ -o conftest -g -O2 -D__STDC_CONSTANT_MACROS  conftest.cpp -lavformat  -lavcodec -lz -lgnutls-openssl -lgcrypt -ldl -lpthread -ljpeg  >&5
configure:6809: $? = 0
configure:6818: result: yes
configure:6832: checking for avdevice_register_all in -lavdevice
configure:6857: g++ -o conftest -g -O2 -D__STDC_CONSTANT_MACROS  conftest.cpp -lavdevice  -lavformat -lavcodec -lz -lgnutls-openssl -lgcrypt -ldl -lpthread -ljpeg  >&5
configure:6857: $? = 0
configure:6866: result: yes
configure:6880: checking for av_malloc in -lavutil
configure:6905: g++ -o conftest -g -O2 -D__STDC_CONSTANT_MACROS  conftest.cpp -lavutil  -lavdevice -lavformat -lavcodec -lz -lgnutls-openssl -lgcrypt -ldl -lpthread -ljpeg  >&5
configure:6905: $? = 0
configure:6914: result: yes
configure:6927: checking for sws_scale in -lswscale
configure:6952: g++ -o conftest -g -O2 -D__STDC_CONSTANT_MACROS  conftest.cpp -lswscale  -lavutil -lavdevice -lavformat -lavcodec -lz -lgnutls-openssl -lgcrypt -ldl -lpthread -ljpeg  >&5
configure:6952: $? = 0
configure:6961: result: yes
configure:6974: checking for BZ2_bzCompress in -lbz2
configure:6999: g++ -o conftest -g -O2 -D__STDC_CONSTANT_MACROS  conftest.cpp -lbz2  -lswscale -lavutil -lavdevice -lavformat -lavcodec -lz -lgnutls-openssl -lgcrypt -ldl -lpthread -ljpeg  >&5
configure:6999: $? = 0
configure:7008: result: yes
configure:7021: checking for compress in -lz
configure:7046: g++ -o conftest -g -O2 -D__STDC_CONSTANT_MACROS  conftest.cpp -lz  -lbz2 -lswscale -lavutil -lavdevice -lavformat -lavcodec -lz -lgnutls-openssl -lgcrypt -ldl -lpthread -ljpeg  >&5
configure:7046: $? = 0
configure:7055: result: yes
configure:7070: checking for working alloca.h
configure:7087: g++ -o conftest -g -O2 -D__STDC_CONSTANT_MACROS  conftest.cpp -lz -lbz2 -lswscale -lavutil -lavdevice -lavformat -lavcodec -lz -lgnutls-openssl -lgcrypt -ldl -lpthread -ljpeg  >&5
configure:7087: $? = 0
configure:7095: result: yes
configure:7103: checking for alloca
configure:7140: g++ -o conftest -g -O2 -D__STDC_CONSTANT_MACROS  conftest.cpp -lz -lbz2 -lswscale -lavutil -lavdevice -lavformat -lavcodec -lz -lgnutls-openssl -lgcrypt -ldl -lpthread -ljpeg  >&5
configure:7140: $? = 0
configure:7148: result: yes
configure:7254: checking for ANSI C header files
configure:7358: result: yes
configure:7369: checking fcntl.h usability
configure:7369: g++ -c -g -O2 -D__STDC_CONSTANT_MACROS conftest.cpp >&5
configure:7369: $? = 0
configure:7369: result: yes
configure:7369: checking fcntl.h presence
configure:7369: g++ -E -D__STDC_CONSTANT_MACROS conftest.cpp
configure:7369: $? = 0
configure:7369: result: yes
configure:7369: checking for fcntl.h
configure:7369: result: yes
configure:7369: checking limits.h usability
configure:7369: g++ -c -g -O2 -D__STDC_CONSTANT_MACROS conftest.cpp >&5
configure:7369: $? = 0
configure:7369: result: yes
configure:7369: checking limits.h presence
configure:7369: g++ -E -D__STDC_CONSTANT_MACROS conftest.cpp
configure:7369: $? = 0
configure:7369: result: yes
configure:7369: checking for limits.h
configure:7369: result: yes
configure:7369: checking for memory.h
configure:7369: result: yes
configure:7369: checking netdb.h usability
configure:7369: g++ -c -g -O2 -D__STDC_CONSTANT_MACROS conftest.cpp >&5
configure:7369: $? = 0
configure:7369: result: yes
configure:7369: checking netdb.h presence
configure:7369: g++ -E -D__STDC_CONSTANT_MACROS conftest.cpp
configure:7369: $? = 0
configure:7369: result: yes
configure:7369: checking for netdb.h
configure:7369: result: yes
configure:7369: checking netinet/in.h usability
configure:7369: g++ -c -g -O2 -D__STDC_CONSTANT_MACROS conftest.cpp >&5
configure:7369: $? = 0
configure:7369: result: yes
configure:7369: checking netinet/in.h presence
configure:7369: g++ -E -D__STDC_CONSTANT_MACROS conftest.cpp
configure:7369: $? = 0
configure:7369: result: yes
configure:7369: checking for netinet/in.h
configure:7369: result: yes
configure:7369: checking stddef.h usability
configure:7369: g++ -c -g -O2 -D__STDC_CONSTANT_MACROS conftest.cpp >&5
configure:7369: $? = 0
configure:7369: result: yes
configure:7369: checking stddef.h presence
configure:7369: g++ -E -D__STDC_CONSTANT_MACROS conftest.cpp
configure:7369: $? = 0
configure:7369: result: yes
configure:7369: checking for stddef.h
configure:7369: result: yes
configure:7369: checking for stdlib.h
configure:7369: result: yes
configure:7369: checking for string.h
configure:7369: result: yes
configure:7369: checking for strings.h
configure:7369: result: yes
configure:7369: checking sys/ioctl.h usability
configure:7369: g++ -c -g -O2 -D__STDC_CONSTANT_MACROS conftest.cpp >&5
configure:7369: $? = 0
configure:7369: result: yes
configure:7369: checking sys/ioctl.h presence
configure:7369: g++ -E -D__STDC_CONSTANT_MACROS conftest.cpp
configure:7369: $? = 0
configure:7369: result: yes
configure:7369: checking for sys/ioctl.h
configure:7369: result: yes
configure:7369: checking for sys/param.h
configure:7369: result: yes
configure:7369: checking for sys/socket.h
configure:7369: result: yes
configure:7369: checking sys/time.h usability
configure:7369: g++ -c -g -O2 -D__STDC_CONSTANT_MACROS conftest.cpp >&5
configure:7369: $? = 0
configure:7369: result: yes
configure:7369: checking sys/time.h presence
configure:7369: g++ -E -D__STDC_CONSTANT_MACROS conftest.cpp
configure:7369: $? = 0
configure:7369: result: yes
configure:7369: checking for sys/time.h
configure:7369: result: yes
configure:7369: checking syslog.h usability
configure:7369: g++ -c -g -O2 -D__STDC_CONSTANT_MACROS conftest.cpp >&5
configure:7369: $? = 0
configure:7369: result: yes
configure:7369: checking syslog.h presence
configure:7369: g++ -E -D__STDC_CONSTANT_MACROS conftest.cpp
configure:7369: $? = 0
configure:7369: result: yes
configure:7369: checking for syslog.h
configure:7369: result: yes
configure:7369: checking for unistd.h
configure:7369: result: yes
configure:7369: checking values.h usability
configure:7369: g++ -c -g -O2 -D__STDC_CONSTANT_MACROS conftest.cpp >&5
configure:7369: $? = 0
configure:7369: result: yes
configure:7369: checking values.h presence
configure:7369: g++ -E -D__STDC_CONSTANT_MACROS conftest.cpp
configure:7369: $? = 0
configure:7369: result: yes
configure:7369: checking for values.h
configure:7369: result: yes
configure:7381: checking linux/videodev2.h usability
configure:7381: g++ -c -g -O2 -D__STDC_CONSTANT_MACROS conftest.cpp >&5
configure:7381: $? = 0
configure:7381: result: yes
configure:7381: checking linux/videodev2.h presence
configure:7381: g++ -E -D__STDC_CONSTANT_MACROS conftest.cpp
configure:7381: $? = 0
configure:7381: result: yes
configure:7381: checking for linux/videodev2.h
configure:7381: result: yes
configure:7396: checking jpeglib.h usability
configure:7396: g++ -c -g -O2 -D__STDC_CONSTANT_MACROS conftest.cpp >&5
configure:7396: $? = 0
configure:7396: result: yes
configure:7396: checking jpeglib.h presence
configure:7396: g++ -E -D__STDC_CONSTANT_MACROS conftest.cpp
configure:7396: $? = 0
configure:7396: result: yes
configure:7396: checking for jpeglib.h
configure:7396: result: yes
configure:7410: checking libavutil/avutil.h usability
configure:7410: g++ -c -g -O2 -D__STDC_CONSTANT_MACROS conftest.cpp >&5
configure:7410: $? = 0
configure:7410: result: yes
configure:7410: checking libavutil/avutil.h presence
configure:7410: g++ -E -D__STDC_CONSTANT_MACROS conftest.cpp
configure:7410: $? = 0
configure:7410: result: yes
configure:7410: checking for libavutil/avutil.h
configure:7410: result: yes
configure:7422: checking libavcodec/avcodec.h usability
configure:7422: g++ -c -g -O2 -D__STDC_CONSTANT_MACROS conftest.cpp >&5
configure:7422: $? = 0
configure:7422: result: yes
configure:7422: checking libavcodec/avcodec.h presence
configure:7422: g++ -E -D__STDC_CONSTANT_MACROS conftest.cpp
configure:7422: $? = 0
configure:7422: result: yes
configure:7422: checking for libavcodec/avcodec.h
configure:7422: result: yes
configure:7434: checking libavformat/avformat.h usability
configure:7434: g++ -c -g -O2 -D__STDC_CONSTANT_MACROS conftest.cpp >&5
configure:7434: $? = 0
configure:7434: result: yes
configure:7434: checking libavformat/avformat.h presence
configure:7434: g++ -E -D__STDC_CONSTANT_MACROS conftest.cpp
configure:7434: $? = 0
configure:7434: result: yes
configure:7434: checking for libavformat/avformat.h
configure:7434: result: yes
configure:7446: checking libswscale/swscale.h usability
configure:7446: g++ -c -g -O2 -D__STDC_CONSTANT_MACROS conftest.cpp >&5
configure:7446: $? = 0
configure:7446: result: yes
configure:7446: checking libswscale/swscale.h presence
configure:7446: g++ -E -D__STDC_CONSTANT_MACROS conftest.cpp
configure:7446: $? = 0
configure:7446: result: yes
configure:7446: checking for libswscale/swscale.h
configure:7446: result: yes
configure:7459: checking sys/mman.h usability
configure:7459: g++ -c -g -O2 -D__STDC_CONSTANT_MACROS conftest.cpp >&5
configure:7459: $? = 0
configure:7459: result: yes
configure:7459: checking sys/mman.h presence
configure:7459: g++ -E -D__STDC_CONSTANT_MACROS conftest.cpp
configure:7459: $? = 0
configure:7459: result: yes
configure:7459: checking for sys/mman.h
configure:7459: result: yes
configure:7471: checking for fcntl.h
configure:7471: result: yes
configure:7509: checking zlib.h usability
configure:7509: g++ -c -g -O2 -D__STDC_CONSTANT_MACROS conftest.cpp >&5
configure:7509: $? = 0
configure:7509: result: yes
configure:7509: checking zlib.h presence
configure:7509: g++ -E -D__STDC_CONSTANT_MACROS conftest.cpp
configure:7509: $? = 0
configure:7509: result: yes
configure:7509: checking for zlib.h
configure:7509: result: yes
configure:7520: checking whether round is declared
configure:7520: g++ -c -g -O2 -D__STDC_CONSTANT_MACROS conftest.cpp >&5
configure:7520: $? = 0
configure:7520: result: yes
configure:7552: checking whether MD5 is declared
configure:7552: g++ -c -g -O2 -D__STDC_CONSTANT_MACROS conftest.cpp >&5
configure:7552: $? = 0
configure:7552: result: yes
configure:7571: checking whether backtrace is declared
configure:7571: g++ -c -g -O2 -D__STDC_CONSTANT_MACROS conftest.cpp >&5
configure:7571: $? = 0
configure:7571: result: yes
configure:7753: checking that generated files are newer than configure
configure:7759: result: done
configure:7786: creating ./config.status

## ---------------------- ##
## Running config.status. ##
## ---------------------- ##

This file was extended by oz config.status 2.0.0a, which was
generated by GNU Autoconf 2.69.  Invocation command line was

  CONFIG_FILES    = 
  CONFIG_HEADERS  = 
  CONFIG_LINKS    = 
  CONFIG_COMMANDS = 
  $ ./config.status 

on ubuntu

config.status:988: creating Makefile
config.status:988: creating src/Makefile
config.status:988: creating src/libgen/Makefile
config.status:988: creating src/libimg/Makefile
config.status:988: creating src/base/Makefile
config.status:988: creating src/base/ozConfig.h
config.status:988: creating src/consumers/Makefile
config.status:988: creating src/encoders/Makefile
config.status:988: creating src/processors/Makefile
config.status:988: creating src/protocols/Makefile
config.status:988: creating src/providers/Makefile
config.status:988: creating src/examples/Makefile
config.status:988: creating config.h
config.status:1217: executing depfiles commands

## ---------------- ##
## Cache variables. ##
## ---------------- ##

ac_cv_c_compiler_gnu=yes
ac_cv_c_const=yes
ac_cv_c_inline=inline
ac_cv_cxx_compiler_gnu=yes
ac_cv_env_CCC_set=
ac_cv_env_CCC_value=
ac_cv_env_CC_set=
ac_cv_env_CC_value=
ac_cv_env_CFLAGS_set=
ac_cv_env_CFLAGS_value=
ac_cv_env_CPPFLAGS_set=
ac_cv_env_CPPFLAGS_value=
ac_cv_env_CXXCPP_set=
ac_cv_env_CXXCPP_value=
ac_cv_env_CXXFLAGS_set=
ac_cv_env_CXXFLAGS_value=
ac_cv_env_CXX_set=
ac_cv_env_CXX_value=
ac_cv_env_LDFLAGS_set=
ac_cv_env_LDFLAGS_value=
ac_cv_env_LIBS_set=
ac_cv_env_LIBS_value=
ac_cv_env_ZM_CGI_DIR_set=
ac_cv_env_ZM_CGI_DIR_value=
ac_cv_env_ZM_DB_HOST_set=
ac_cv_env_ZM_DB_HOST_value=
ac_cv_env_ZM_DB_NAME_set=
ac_cv_env_ZM_DB_NAME_value=
ac_cv_env_ZM_DB_PASS_set=
ac_cv_env_ZM_DB_PASS_value=
ac_cv_env_ZM_DB_USER_set=
ac_cv_env_ZM_DB_USER_value=
ac_cv_env_ZM_LIBARCH_set=
ac_cv_env_ZM_LIBARCH_value=
ac_cv_env_ZM_LOGDIR_set=
ac_cv_env_ZM_LOGDIR_value=
ac_cv_env_ZM_MYSQL_ENGINE_set=
ac_cv_env_ZM_MYSQL_ENGINE_value=
ac_cv_env_ZM_RUNDIR_set=
ac_cv_env_ZM_RUNDIR_value=
ac_cv_env_ZM_SSL_LIB_set=
ac_cv_env_ZM_SSL_LIB_value=
ac_cv_env_ZM_TMPDIR_set=
ac_cv_env_ZM_TMPDIR_value=
ac_cv_env_ZM_USER_set=
ac_cv_env_ZM_USER_value=
ac_cv_env_ZM_WEB_DIR_set=
ac_cv_env_ZM_WEB_DIR_value=
ac_cv_env_ZM_WEB_HOST_set=
ac_cv_env_ZM_WEB_HOST_value=
ac_cv_env_build_alias_set=
ac_cv_env_build_alias_value=
ac_cv_env_host_alias_set=
ac_cv_env_host_alias_value=
ac_cv_env_target_alias_set=
ac_cv_env_target_alias_value=
ac_cv_func__doprnt=no
ac_cv_func_alloca_works=yes
ac_cv_func_gethostbyname=yes
ac_cv_func_gethostname=yes
ac_cv_func_getpagesize=yes
ac_cv_func_gettimeofday=yes
ac_cv_func_lstat_dereferences_slashed_symlink=yes
ac_cv_func_malloc_0_nonnull=yes
ac_cv_func_memmove=yes
ac_cv_func_memset=yes
ac_cv_func_mkdir=yes
ac_cv_func_mmap_fixed_mapped=yes
ac_cv_func_munmap=yes
ac_cv_func_putenv=yes
ac_cv_func_select=yes
ac_cv_func_select_args='int,fd_set *,struct timeval *'
ac_cv_func_socket=yes
ac_cv_func_sqrt=yes
ac_cv_func_stat_empty_string_bug=no
ac_cv_func_strcasecmp=yes
ac_cv_func_strchr=yes
ac_cv_func_strcspn=yes
ac_cv_func_strerror=yes
ac_cv_func_strftime=yes
ac_cv_func_strncasecmp=yes
ac_cv_func_strrchr=yes
ac_cv_func_strsignal=yes
ac_cv_func_strspn=yes
ac_cv_func_strstr=yes
ac_cv_func_strtod=yes
ac_cv_func_strtol=yes
ac_cv_func_strtoull=yes
ac_cv_func_vprintf=yes
ac_cv_have_decl_MD5=yes
ac_cv_have_decl_backtrace=yes
ac_cv_have_decl_round=yes
ac_cv_header_fcntl_h=yes
ac_cv_header_gcrypt_h=yes
ac_cv_header_inttypes_h=yes
ac_cv_header_jpeglib_h=yes
ac_cv_header_libavcodec_avcodec_h=yes
ac_cv_header_libavformat_avformat_h=yes
ac_cv_header_libavutil_avutil_h=yes
ac_cv_header_libswscale_swscale_h=yes
ac_cv_header_limits_h=yes
ac_cv_header_linux_videodev2_h=yes
ac_cv_header_memory_h=yes
ac_cv_header_netdb_h=yes
ac_cv_header_netinet_in_h=yes
ac_cv_header_stdbool_h=yes
ac_cv_header_stdc=yes
ac_cv_header_stddef_h=yes
ac_cv_header_stdint_h=yes
ac_cv_header_stdlib_h=yes
ac_cv_header_string_h=yes
ac_cv_header_strings_h=yes
ac_cv_header_sys_ioctl_h=yes
ac_cv_header_sys_mman_h=yes
ac_cv_header_sys_param_h=yes
ac_cv_header_sys_select_h=yes
ac_cv_header_sys_socket_h=yes
ac_cv_header_sys_stat_h=yes
ac_cv_header_sys_time_h=yes
ac_cv_header_sys_types_h=yes
ac_cv_header_syslog_h=yes
ac_cv_header_time=yes
ac_cv_header_unistd_h=yes
ac_cv_header_values_h=yes
ac_cv_header_zlib_h=yes
ac_cv_lib_avcodec_av_init_packet=yes
ac_cv_lib_avcore_av_image_copy=no
ac_cv_lib_avdevice_avdevice_register_all=yes
ac_cv_lib_avformat_av_register_all=yes
ac_cv_lib_avutil_av_malloc=yes
ac_cv_lib_bz2_BZ2_bzCompress=yes
ac_cv_lib_dl_dlsym=yes
ac_cv_lib_gcrypt_gcry_check_version=yes
ac_cv_lib_gnutls_openssl_MD5=yes
ac_cv_lib_jpeg_jpeg_start_compress=yes
ac_cv_lib_pthread_pthread_create=yes
ac_cv_lib_swscale_sws_scale=yes
ac_cv_lib_x264_x264_predict_16x16_init=no
ac_cv_lib_z_compress=yes
ac_cv_lib_z_zlibVersion=yes
ac_cv_member_struct_sigcontext_eip=no
ac_cv_objext=o
ac_cv_path_EGREP='/bin/grep -E'
ac_cv_path_GREP=/bin/grep
ac_cv_path_install='/usr/bin/install -c'
ac_cv_path_mkdir=/bin/mkdir
ac_cv_prog_AWK=mawk
ac_cv_prog_CXXCPP='g++ -E'
ac_cv_prog_ac_ct_CC=gcc
ac_cv_prog_ac_ct_CXX=g++
ac_cv_prog_ac_ct_RANLIB=ranlib
ac_cv_prog_cc_c89=
ac_cv_prog_cc_g=yes
ac_cv_prog_cxx_g=yes
ac_cv_prog_gcc_traditional=no
ac_cv_prog_make_make_set=yes
ac_cv_struct_tm=time.h
ac_cv_type__Bool=no
ac_cv_type_mode_t=yes
ac_cv_type_siginfo_t=yes
ac_cv_type_signal=void
ac_cv_type_size_t=yes
ac_cv_type_struct_sigcontext=yes
ac_cv_type_ucontext_t=yes
ac_cv_type_uid_t=yes
ac_cv_working_alloca_h=yes
am_cv_CC_dependencies_compiler_type=gcc3
am_cv_CXX_dependencies_compiler_type=gcc3
am_cv_make_support_nested_variables=yes
am_cv_prog_cc_c_o=yes

## ----------------- ##
## Output variables. ##
## ----------------- ##

ACLOCAL='${SHELL} /home/pp/ozonebase/server/missing aclocal-1.14'
ALLOCA=''
AMDEPBACKSLASH='\'
AMDEP_FALSE='#'
AMDEP_TRUE=''
AMTAR='$${TAR-tar}'
AM_BACKSLASH='\'
AM_DEFAULT_V='$(AM_DEFAULT_VERBOSITY)'
AM_DEFAULT_VERBOSITY='1'
AM_V='$(V)'
AUTOCONF='${SHELL} /home/pp/ozonebase/server/missing autoconf'
AUTOHEADER='${SHELL} /home/pp/ozonebase/server/missing autoheader'
AUTOMAKE='${SHELL} /home/pp/ozonebase/server/missing automake-1.14'
AWK='mawk'
BINDIR='/opt//bin'
CC='gcc'
CCDEPMODE='depmode=gcc3'
CFLAGS='-g -O2'
CPPFLAGS='-D__STDC_CONSTANT_MACROS'
CXX='g++'
CXXCPP='g++ -E'
CXXDEPMODE='depmode=gcc3'
CXXFLAGS='-g -O2'
CYGPATH_W='echo'
DEFS='-DHAVE_CONFIG_H'
DEPDIR='.deps'
ECHO_C=''
ECHO_N='-n'
ECHO_T=''
EGREP='/bin/grep -E'
EXEEXT=''
GREP='/bin/grep'
INSTALL_DATA='${INSTALL} -m 644'
INSTALL_PROGRAM='${INSTALL}'
INSTALL_SCRIPT='${INSTALL}'
INSTALL_STRIP_PROGRAM='$(install_sh) -c -s'
LDFLAGS=''
LIBDIR='/opt//lib'
LIBOBJS=''
LIBS='-lz -lbz2 -lswscale -lavutil -lavdevice -lavformat -lavcodec -lz -lgnutls-openssl -lgcrypt -ldl -lpthread -ljpeg '
LN_S='ln -s'
LTLIBOBJS=''
MAKEINFO='${SHELL} /home/pp/ozonebase/server/missing makeinfo'
MKDIR_P='/bin/mkdir -p'
OBJEXT='o'
PACKAGE='ZoneMinder'
PACKAGE_BUGREPORT='support@zoneminder.com'
PACKAGE_NAME='oz'
PACKAGE_STRING='oz 2.0.0a'
PACKAGE_TARNAME='ZoneMinder'
PACKAGE_URL='http://www.zoneminder.com/downloads.html'
PACKAGE_VERSION='2.0.0a'
PATH_BUILD='/home/pp/ozonebase/server'
PATH_SEPARATOR=':'
POW_LIB=''
RANLIB='ranlib'
SET_MAKE=''
SHELL='/bin/bash'
STRIP=''
SYSCONFDIR='/opt//etc'
TIME_BUILD='1466196392'
VERSION='2.0.0a'
ZM_CGI_DIR='NONE/web/cgi-bin'
ZM_CONFIG='/opt//etc/oz.conf'
ZM_DB_HOST='localhost'
ZM_DB_NAME='oz'
ZM_DB_PASS='ozpass'
ZM_DB_USER='ozuser'
ZM_LIBARCH='/lib'
ZM_LOGDIR='/var/log/oz'
ZM_MYSQL_ENGINE='MyISAM'
ZM_PID='/var/run/oz/oz.pid'
ZM_RUNDIR='/var/run/oz'
ZM_SSL_LIB='gnutls'
ZM_TMPDIR='/tmp/oz'
ZM_USER='zoneminder'
ZM_WEB_DIR='NONE/web/html'
ZM_WEB_HOST='ubuntu'
ac_ct_CC='gcc'
ac_ct_CXX='g++'
am__EXEEXT_FALSE=''
am__EXEEXT_TRUE='#'
am__fastdepCC_FALSE='#'
am__fastdepCC_TRUE=''
am__fastdepCXX_FALSE='#'
am__fastdepCXX_TRUE=''
am__include='include'
am__isrc=''
am__leading_dot='.'
am__nodep='_no'
am__quote=''
am__tar='$${TAR-tar} chof - "$$tardir"'
am__untar='$${TAR-tar} xf -'
bindir='${exec_prefix}/bin'
build_alias=''
datadir='${datarootdir}'
datarootdir='${prefix}/share'
docdir='${datarootdir}/doc/${PACKAGE_TARNAME}'
dvidir='${docdir}'
exec_prefix='${prefix}'
host_alias=''
htmldir='${docdir}'
includedir='${prefix}/include'
infodir='${datarootdir}/info'
install_sh='${SHELL} /home/pp/ozonebase/server/install-sh'
libdir='${exec_prefix}/lib'
libexecdir='${exec_prefix}/libexec'
localedir='${datarootdir}/locale'
localstatedir='${prefix}/var'
mandir='${datarootdir}/man'
mkdir_p='$(MKDIR_P)'
oldincludedir='/usr/include'
pdfdir='${docdir}'
prefix='/opt/'
program_transform_name='s,x,x,'
psdir='${docdir}'
sbindir='${exec_prefix}/sbin'
sharedstatedir='${prefix}/com'
sysconfdir='${prefix}/etc'
target_alias=''

## ----------- ##
## confdefs.h. ##
## ----------- ##

/* confdefs.h */
#define PACKAGE_NAME "oz"
#define PACKAGE_TARNAME "ZoneMinder"
#define PACKAGE_VERSION "2.0.0a"
#define PACKAGE_STRING "oz 2.0.0a"
#define PACKAGE_BUGREPORT "support@zoneminder.com"
#define PACKAGE_URL "http://www.zoneminder.com/downloads.html"
#define PACKAGE "ZoneMinder"
#define VERSION "2.0.0a"
#define ZM_V4L 1
#define ZM_MEM_MAPPED 1
#define STDC_HEADERS 1
#define HAVE_SYS_TYPES_H 1
#define HAVE_SYS_STAT_H 1
#define HAVE_STDLIB_H 1
#define HAVE_STRING_H 1
#define HAVE_MEMORY_H 1
#define HAVE_STRINGS_H 1
#define HAVE_INTTYPES_H 1
#define HAVE_STDINT_H 1
#define HAVE_UNISTD_H 1
#define HAVE_STDBOOL_H 1
#define TIME_WITH_SYS_TIME 1
#define RETSIGTYPE void
#define HAVE_SIGINFO_T 1
#define HAVE_STRUCT_SIGCONTEXT 1
#define HAVE_UCONTEXT_T 1
#define HAVE_STDLIB_H 1
#define HAVE_MALLOC 1
#define HAVE_STDLIB_H 1
#define HAVE_UNISTD_H 1
#define HAVE_SYS_PARAM_H 1
#define HAVE_GETPAGESIZE 1
#define HAVE_MMAP 1
#define HAVE_SYS_SELECT_H 1
#define HAVE_SYS_SOCKET_H 1
#define SELECT_TYPE_ARG1 int
#define SELECT_TYPE_ARG234 (fd_set *)
#define SELECT_TYPE_ARG5 (struct timeval *)
#define LSTAT_FOLLOWS_SLASHED_SYMLINK 1
#define HAVE_STRFTIME 1
#define HAVE_VPRINTF 1
#define HAVE_GETHOSTBYNAME 1
#define HAVE_GETHOSTNAME 1
#define HAVE_GETTIMEOFDAY 1
#define HAVE_MEMMOVE 1
#define HAVE_MEMSET 1
#define HAVE_MKDIR 1
#define HAVE_MUNMAP 1
#define HAVE_PUTENV 1
#define HAVE_SELECT 1
#define HAVE_SOCKET 1
#define HAVE_SQRT 1
#define HAVE_STRCASECMP 1
#define HAVE_STRCHR 1
#define HAVE_STRCSPN 1
#define HAVE_STRERROR 1
#define HAVE_STRNCASECMP 1
#define HAVE_STRRCHR 1
#define HAVE_STRSIGNAL 1
#define HAVE_STRSPN 1
#define HAVE_STRSTR 1
#define HAVE_STRTOL 1
#define HAVE_STRTOULL 1
#define HAVE_LIBJPEG 1
#define HAVE_LIBPTHREAD 1
#define HAVE_LIBDL 1
#define HAVE_GCRYPT_H 1
#define HAVE_LIBGCRYPT 1
#define HAVE_LIBGNUTLS_OPENSSL 1
#define HAVE_LIBZ 1
#define HAVE_LIBAVCODEC 1
#define HAVE_LIBAVFORMAT 1
#define HAVE_LIBAVDEVICE 1
#define HAVE_LIBAVUTIL 1
#define HAVE_LIBSWSCALE 1
#define HAVE_LIBBZ2 1
#define HAVE_LIBZ 1
#define HAVE_ALLOCA_H 1
#define HAVE_ALLOCA 1
#define STDC_HEADERS 1
#define HAVE_FCNTL_H 1
#define HAVE_LIMITS_H 1
#define HAVE_MEMORY_H 1
#define HAVE_NETDB_H 1
#define HAVE_NETINET_IN_H 1
#define HAVE_STDDEF_H 1
#define HAVE_STDLIB_H 1
#define HAVE_STRING_H 1
#define HAVE_STRINGS_H 1
#define HAVE_SYS_IOCTL_H 1
#define HAVE_SYS_PARAM_H 1
#define HAVE_SYS_SOCKET_H 1
#define HAVE_SYS_TIME_H 1
#define HAVE_SYSLOG_H 1
#define HAVE_UNISTD_H 1
#define HAVE_VALUES_H 1
#define HAVE_LINUX_VIDEODEV2_H 1
#define HAVE_JPEGLIB_H 1
#define HAVE_LIBAVUTIL_AVUTIL_H 1
#define HAVE_LIBAVCODEC_AVCODEC_H 1
#define HAVE_LIBAVFORMAT_AVFORMAT_H 1
#define HAVE_LIBSWSCALE_SWSCALE_H 1
#define HAVE_SYS_MMAN_H 1
#define HAVE_FCNTL_H 1
#define HAVE_ZLIB_H 1
#define HAVE_DECL_ROUND 1
#define HAVE_DECL_MD5 1
#define HAVE_DECL_BACKTRACE 1
#define BINDIR "/opt//bin"
#define LIBDIR "/opt//lib"
#define SYSCONFDIR "/opt//etc"

configure: exit 0
